[2025-05-30T07:10:47.786Z] Admin panel running on port 3001
[2025-05-30T07:10:47.799Z] WebSocket Server listening on ws://0.0.0.0:3000
[2025-05-30T07:36:13.885Z] Admin panel running on port 3001
[2025-05-30T07:36:13.888Z] WebSocket Server listening on ws://0.0.0.0:3000
[2025-05-30T07:36:15.142Z] Discord bot started as minecraft-wsserver-admin#4390
[2025-05-30T07:42:45.755Z] Admin panel running on port 3001
[2025-05-30T07:42:45.765Z] WebSocket Server listening on ws://0.0.0.0:3000
[2025-05-30T07:42:46.724Z] Discord bot started as minecraft-wsserver-admin#4390
[2025-05-30T07:45:13.966Z] Web admin connected
[2025-05-30T07:53:50.212Z] Admin panel running on port 3001
[2025-05-30T07:53:50.233Z] WebSocket Server listening on ws://0.0.0.0:3000
[2025-05-30T07:53:51.954Z] Discord bot started as minecraft-wsserver-admin#4390
[2025-05-30T08:08:48.039Z] Admin panel running on port 3001
[2025-05-30T08:08:48.043Z] WebSocket Server listening on ws://0.0.0.0:3000
[2025-05-30T08:09:57.397Z] Admin panel running on port 3001
[2025-05-30T08:09:57.406Z] WebSocket Server listening on ws://0.0.0.0:3000
[2025-05-30T08:09:58.461Z] Discord bot started as minecraft-wsserver-admin#4390
[2025-05-30T08:34:08.216Z] Admin panel running on port 3001
[2025-05-30T08:34:09.525Z] Discord bot logged in as minecraft-wsserver-admin#4390
[2025-05-30T08:37:59.634Z] Admin panel running on port 3001
[2025-05-30T08:38:00.904Z] Discord bot logged in as minecraft-wsserver-admin#4390
[2025-05-30T08:38:47.765Z] Admin panel running on port 3001
[2025-05-30T08:38:48.830Z] Discord bot logged in as minecraft-wsserver-admin#4390
[2025-05-30T08:40:01.459Z] Admin panel running on port 3001
[2025-05-30T08:40:02.661Z] Discord bot logged in as minecraft-wsserver-admin#4390
[2025-05-30T08:42:55.269Z] Admin panel running on port 3001
[2025-05-30T08:42:56.333Z] Discord bot logged in as minecraft-wsserver-admin#4390
[2025-05-30T08:45:32.029Z] Admin panel running on port 3001
[2025-05-30T08:45:33.255Z] Discord bot logged in as minecraft-wsserver-admin#4390
[2025-05-30T08:46:03.362Z] Admin panel running on port 3001
[2025-05-30T08:46:04.464Z] Discord bot logged in as minecraft-wsserver-admin#4390
